<?xml version="1.0" encoding="UTF-8"?>
<testsuite name="study.querydsl.QuerydslApplicationTests" tests="1" skipped="0" failures="0" errors="0" timestamp="2024-05-26T10:43:09" hostname="uigyun-MacBook-Air.local" time="0.258">
  <properties/>
  <testcase name="contextLoads()" classname="study.querydsl.QuerydslApplicationTests" time="0.258"/>
  <system-out><![CDATA[19:43:07.797 [Test worker] INFO org.springframework.test.context.support.AnnotationConfigContextLoaderUtils -- Could not detect default configuration classes for test class [study.querydsl.QuerydslApplicationTests]: QuerydslApplicationTests does not declare any static, non-private, non-final, nested classes annotated with @Configuration.
19:43:07.837 [Test worker] INFO org.springframework.boot.test.context.SpringBootTestContextBootstrapper -- Found @SpringBootConfiguration study.querydsl.QuerydslApplication for test class study.querydsl.QuerydslApplicationTests
  .   ____          _            __ _ _
 /\\ / ___'_ __ _ _(_)_ __  __ _ \ \ \ \
( ( )\___ | '_ | '_| | '_ \/ _` | \ \ \ \
 \\/  ___)| |_)| | | | | || (_| |  ) ) ) )
  '  |____| .__|_| |_|_| |_\__, | / / / /
 =========|_|==============|___/=/_/_/_/

 :: Spring Boot ::                (v3.3.0)

2024-05-26T19:43:07.986+09:00  INFO 15832 --- [querydsl] [    Test worker] s.querydsl.QuerydslApplicationTests      : Starting QuerydslApplicationTests using Java 17.0.2 with PID 15832 (started by park-uigyun in /Users/park-uigyun/Documents/GitHub/query-dsl)
2024-05-26T19:43:07.987+09:00  INFO 15832 --- [querydsl] [    Test worker] s.querydsl.QuerydslApplicationTests      : No active profile set, falling back to 1 default profile: "default"
2024-05-26T19:43:08.235+09:00  INFO 15832 --- [querydsl] [    Test worker] .s.d.r.c.RepositoryConfigurationDelegate : Bootstrapping Spring Data JPA repositories in DEFAULT mode.
2024-05-26T19:43:08.245+09:00  INFO 15832 --- [querydsl] [    Test worker] .s.d.r.c.RepositoryConfigurationDelegate : Finished Spring Data repository scanning in 6 ms. Found 0 JPA repository interfaces.
2024-05-26T19:43:08.438+09:00  INFO 15832 --- [querydsl] [    Test worker] com.zaxxer.hikari.HikariDataSource       : HikariPool-1 - Starting...
2024-05-26T19:43:08.518+09:00  INFO 15832 --- [querydsl] [    Test worker] com.zaxxer.hikari.pool.HikariPool        : HikariPool-1 - Added connection conn0: url=jdbc:h2:mem:70c10d42-be75-408c-98ef-69e857c9cae4 user=SA
2024-05-26T19:43:08.519+09:00  INFO 15832 --- [querydsl] [    Test worker] com.zaxxer.hikari.HikariDataSource       : HikariPool-1 - Start completed.
2024-05-26T19:43:08.546+09:00  INFO 15832 --- [querydsl] [    Test worker] o.hibernate.jpa.internal.util.LogHelper  : HHH000204: Processing PersistenceUnitInfo [name: default]
2024-05-26T19:43:08.569+09:00  INFO 15832 --- [querydsl] [    Test worker] org.hibernate.Version                    : HHH000412: Hibernate ORM core version 6.5.2.Final
2024-05-26T19:43:08.584+09:00  INFO 15832 --- [querydsl] [    Test worker] o.h.c.internal.RegionFactoryInitiator    : HHH000026: Second-level cache disabled
2024-05-26T19:43:08.706+09:00  INFO 15832 --- [querydsl] [    Test worker] o.s.o.j.p.SpringPersistenceUnitInfo      : No LoadTimeWeaver setup: ignoring JPA class transformer
2024-05-26T19:43:09.067+09:00  INFO 15832 --- [querydsl] [    Test worker] o.h.e.t.j.p.i.JtaPlatformInitiator       : HHH000489: No JTA platform available (set 'hibernate.transaction.jta.platform' to enable JTA platform integration)
2024-05-26T19:43:09.076+09:00  INFO 15832 --- [querydsl] [    Test worker] p6spy                                    : #1716720189076 | took 0ms | statement | connection 2| url jdbc:h2:mem:70c10d42-be75-408c-98ef-69e857c9cae4
drop table if exists hello cascade 
drop table if exists hello cascade ;
2024-05-26T19:43:09.076+09:00  INFO 15832 --- [querydsl] [    Test worker] p6spy                                    : #1716720189076 | took 0ms | statement | connection 2| url jdbc:h2:mem:70c10d42-be75-408c-98ef-69e857c9cae4
drop sequence if exists hello_seq
drop sequence if exists hello_seq;
2024-05-26T19:43:09.080+09:00  INFO 15832 --- [querydsl] [    Test worker] p6spy                                    : #1716720189080 | took 0ms | statement | connection 3| url jdbc:h2:mem:70c10d42-be75-408c-98ef-69e857c9cae4
create sequence hello_seq start with 1 increment by 50
create sequence hello_seq start with 1 increment by 50;
2024-05-26T19:43:09.084+09:00  INFO 15832 --- [querydsl] [    Test worker] p6spy                                    : #1716720189084 | took 2ms | statement | connection 3| url jdbc:h2:mem:70c10d42-be75-408c-98ef-69e857c9cae4
create table hello (id bigint not null, primary key (id))
create table hello (id bigint not null, primary key (id));
2024-05-26T19:43:09.086+09:00  INFO 15832 --- [querydsl] [    Test worker] j.LocalContainerEntityManagerFactoryBean : Initialized JPA EntityManagerFactory for persistence unit 'default'
2024-05-26T19:43:09.149+09:00  WARN 15832 --- [querydsl] [    Test worker] JpaBaseConfiguration$JpaWebConfiguration : spring.jpa.open-in-view is enabled by default. Therefore, database queries may be performed during view rendering. Explicitly configure spring.jpa.open-in-view to disable this warning
2024-05-26T19:43:09.383+09:00  INFO 15832 --- [querydsl] [    Test worker] s.querydsl.QuerydslApplicationTests      : Started QuerydslApplicationTests in 1.493 seconds (process running for 1.928)
]]></system-out>
  <system-err><![CDATA[]]></system-err>
</testsuite>
